<?xml version="1.0" encoding="UTF-8"?>
<!-- Generated by org.testng.reporters.JUnitReportReporter -->
<testsuite hostname="DESKTOP-LLLGMOJ" failures="0" tests="3" name="runner.TestRunner" time="49.690" errors="0" timestamp="2023-10-19T21:59:40 IST" skipped="0">
  <testcase classname="runner.TestRunner" name="runScenario" time="7.712"/>
  <system-out/>
  <testcase classname="runner.TestRunner" name="runScenario" time="17.293"/>
  <system-out/>
  <testcase classname="runner.TestRunner" name="runScenario" time="24.685"/>
  <system-out/>
</testsuite> <!-- runner.TestRunner -->
